<?xml version="1.0" encoding="UTF-8"?>
<!-- Generated by org.testng.reporters.JUnitReportReporter -->
<testsuite hostname="DESKTOP-1PMTGDA" failures="0" tests="1" name="com.sudha.selenium.testng.demo.UnsuccessfulLogin" time="2.576" errors="0" timestamp="2024-10-17T00:29:30 SAST" skipped="0">
  <testcase classname="com.sudha.selenium.testng.demo.UnsuccessfulLogin" name="unsuccessLogin" time="2.576"/>
  <system-out/>
</testsuite> <!-- com.sudha.selenium.testng.demo.UnsuccessfulLogin -->
