<?xml version="1.0" encoding="UTF-8"?>
<!-- Generated by org.testng.reporters.JUnitReportReporter -->
<testsuite hostname="DESKTOP-1PMTGDA" failures="0" tests="1" name="com.sudha.selenium.testng.demo.UnsuccessfulLoginTestCase" time="4.675" errors="0" timestamp="2024-10-17T01:02:44 SAST" skipped="0">
  <testcase classname="com.sudha.selenium.testng.demo.UnsuccessfulLoginTestCase" name="unsuccessfulLogin" time="4.675"/>
  <system-out/>
</testsuite> <!-- com.sudha.selenium.testng.demo.UnsuccessfulLoginTestCase -->
